<?xml version="1.0" encoding="UTF-8"?>
<!-- Generated by org.testng.reporters.JUnitReportReporter -->
<testsuite hostname="P5-GKZ5T72" name="demoWebdriver.Demourlandsource" tests="1" failures="0" timestamp="14 Jun 2019 10:26:48 GMT" time="3.638" errors="0">
  <testcase name="f" time="3.638" classname="demoWebdriver.Demourlandsource"/>
</testsuite> <!-- demoWebdriver.Demourlandsource -->
