<?xml version="1.0" encoding="UTF-8"?>
<!-- Generated by org.testng.reporters.JUnitReportReporter -->
<testsuite hostname="P5-GKZ5T72" name="DemoActions.DemoHandleMenu" tests="1" failures="0" timestamp="17 Jun 2019 06:42:55 GMT" time="11.862" errors="0">
  <testcase name="f" time="11.862" classname="DemoActions.DemoHandleMenu"/>
</testsuite> <!-- DemoActions.DemoHandleMenu -->
