<?xml version="1.0" encoding="UTF-8"?>
<!-- Generated by org.testng.reporters.JUnitReportReporter -->
<testsuite hostname="P5-GKZ5T72" name="testngFeatures.DemoDataProvider" tests="3" failures="0" timestamp="14 Jun 2019 06:14:58 GMT" time="0.005" errors="0">
  <testcase name="login" time="0.001" classname="testngFeatures.DemoDataProvider"/>
  <testcase name="login" time="0.003" classname="testngFeatures.DemoDataProvider"/>
  <testcase name="login" time="0.001" classname="testngFeatures.DemoDataProvider"/>
</testsuite> <!-- testngFeatures.DemoDataProvider -->
