<?xml version="1.0" encoding="UTF-8"?>
<!-- Generated by org.testng.reporters.JUnitReportReporter -->
<testsuite hostname="P5-GKZ5T72" name="demoWebdriver.DemoExplicitWait" tests="1" failures="0" timestamp="17 Jun 2019 10:13:10 GMT" time="11.185" errors="0">
  <testcase name="f" time="11.185" classname="demoWebdriver.DemoExplicitWait"/>
</testsuite> <!-- demoWebdriver.DemoExplicitWait -->
