<?xml version="1.0" encoding="UTF-8"?>
<!-- Generated by org.testng.reporters.JUnitReportReporter -->
<testsuite hostname="P5-GKZ5T72" name="DemoActions.HandBag" tests="1" failures="0" timestamp="17 Jun 2019 07:08:35 GMT" time="14.870" errors="0">
  <testcase name="f" time="14.870" classname="DemoActions.HandBag"/>
</testsuite> <!-- DemoActions.HandBag -->
