<?xml version="1.0" encoding="UTF-8"?>
<!-- Generated by org.testng.reporters.JUnitReportReporter -->
<testsuite hostname="P5-GKZ5T72" name="basics.JuneSelenium.OpenGoogle" tests="1" failures="0" timestamp="13 Jun 2019 11:47:34 GMT" time="2.492" errors="0">
  <testcase name="f" time="2.492" classname="basics.JuneSelenium.OpenGoogle"/>
</testsuite> <!-- basics.JuneSelenium.OpenGoogle -->
