<?xml version="1.0" encoding="UTF-8"?>
<!-- Generated by org.testng.reporters.JUnitReportReporter -->
<testsuite hostname="P5-GKZ5T72" name="DemoExcel.DemoReadData" tests="1" failures="0" timestamp="18 Jun 2019 04:54:11 GMT" time="1.490" errors="0">
  <testcase name="f" time="1.490" classname="DemoExcel.DemoReadData"/>
</testsuite> <!-- DemoExcel.DemoReadData -->
