<?xml version="1.0" encoding="UTF-8"?>
<!-- Generated by org.testng.reporters.JUnitReportReporter -->
<testsuite hostname="P5-GKZ5T72" name="demoWebdriver.HerokuAppLogin" tests="1" failures="0" timestamp="14 Jun 2019 10:07:29 GMT" time="7.775" errors="0">
  <testcase name="f" time="7.775" classname="demoWebdriver.HerokuAppLogin"/>
</testsuite> <!-- demoWebdriver.HerokuAppLogin -->
