<?xml version="1.0" encoding="UTF-8"?>
<!-- Generated by org.testng.reporters.JUnitReportReporter -->
<testsuite hostname="P5-GKZ5T72" name="DemoActions.DemoDragandDrop" tests="1" failures="0" timestamp="17 Jun 2019 06:18:38 GMT" time="3.561" errors="0">
  <testcase name="f" time="3.561" classname="DemoActions.DemoDragandDrop"/>
</testsuite> <!-- DemoActions.DemoDragandDrop -->
