<?xml version="1.0" encoding="UTF-8"?>
<!-- Generated by org.testng.reporters.JUnitReportReporter -->
<testsuite hostname="P5-GKZ5T72" name="testngFeatures.MercuryApp" tests="6" failures="0" timestamp="14 Jun 2019 06:14:58 GMT" time="0.015" errors="0">
  <testcase name="bookFlight" time="0.001" classname="testngFeatures.MercuryApp"/>
  <testcase name="closeBrowser" time="0.007" classname="testngFeatures.MercuryApp"/>
  <testcase name="login" time="0.001" classname="testngFeatures.MercuryApp"/>
  <testcase name="openBrowser" time="0.002" classname="testngFeatures.MercuryApp"/>
  <testcase name="OpenURL" time="0.001" classname="testngFeatures.MercuryApp"/>
  <testcase name="logout" time="0.003" classname="testngFeatures.MercuryApp"/>
</testsuite> <!-- testngFeatures.MercuryApp -->
