<?xml version="1.0" encoding="UTF-8"?>
<!-- Generated by org.testng.reporters.JUnitReportReporter -->
<testsuite hostname="P5-GKZ5T72" name="demoWebdriver.DemoRegister" tests="1" failures="0" timestamp="14 Jun 2019 09:10:48 GMT" time="46.952" errors="0">
  <testcase name="f" time="46.952" classname="demoWebdriver.DemoRegister"/>
</testsuite> <!-- demoWebdriver.DemoRegister -->
