<?xml version="1.0" encoding="UTF-8"?>
<!-- Generated by org.testng.reporters.JUnitReportReporter -->
<testsuite hostname="P5-GKZ5T72" name="DemoExcel.DemoWrite" tests="1" failures="0" timestamp="18 Jun 2019 05:18:04 GMT" time="1.202" errors="0">
  <testcase name="f" time="1.202" classname="DemoExcel.DemoWrite"/>
</testsuite> <!-- DemoExcel.DemoWrite -->
