<?xml version="1.0" encoding="UTF-8"?>
<!-- Generated by org.testng.reporters.JUnitReportReporter -->
<testsuite hostname="P5-GKZ5T72" name="DemoExcel.DemoCreateWB" tests="1" failures="0" timestamp="17 Jun 2019 11:31:03 GMT" time="0.767" errors="0">
  <testcase name="f" time="0.767" classname="DemoExcel.DemoCreateWB"/>
</testsuite> <!-- DemoExcel.DemoCreateWB -->
