<?xml version="1.0" encoding="UTF-8"?>
<!-- Generated by org.testng.reporters.JUnitReportReporter -->
<testsuite hostname="P5-GKZ5T72" name="demoWebdriver.DemoFrames" tests="1" failures="0" timestamp="17 Jun 2019 05:22:44 GMT" time="11.096" errors="0">
  <testcase name="f" time="11.096" classname="demoWebdriver.DemoFrames"/>
</testsuite> <!-- demoWebdriver.DemoFrames -->
