<?xml version="1.0" encoding="UTF-8"?>
<!-- Generated by org.testng.reporters.JUnitReportReporter -->
<testsuite hostname="P5-GKZ5T72" name="DemoExcel.TestMeAppLoginDDT" tests="3" failures="0" timestamp="18 Jun 2019 06:51:02 GMT" time="10.669" errors="0">
  <testcase name="testmeapplogin" time="5.734" classname="DemoExcel.TestMeAppLoginDDT"/>
  <testcase name="testmeapplogin" time="2.247" classname="DemoExcel.TestMeAppLoginDDT"/>
  <testcase name="testmeapplogin" time="2.688" classname="DemoExcel.TestMeAppLoginDDT"/>
</testsuite> <!-- DemoExcel.TestMeAppLoginDDT -->
