<?xml version="1.0" encoding="UTF-8"?>
<!-- Generated by org.testng.reporters.JUnitReportReporter -->
<testsuite hostname="P5-GKZ5T72" name="DemoExcel.TestMeAppDDTExtentReport" tests="3" failures="0" timestamp="18 Jun 2019 09:16:29 GMT" time="10.848" errors="0">
  <testcase name="testmeapplogin" time="6.002" classname="DemoExcel.TestMeAppDDTExtentReport"/>
  <testcase name="testmeapplogin" time="2.191" classname="DemoExcel.TestMeAppDDTExtentReport"/>
  <testcase name="testmeapplogin" time="2.655" classname="DemoExcel.TestMeAppDDTExtentReport"/>
</testsuite> <!-- DemoExcel.TestMeAppDDTExtentReport -->
