<?xml version="1.0" encoding="UTF-8"?>
<!-- Generated by org.testng.reporters.JUnitReportReporter -->
<testsuite hostname="P5-GKZ5T72" name="testngFeatures.DemoExecutionSequence" tests="1" failures="0" timestamp="14 Jun 2019 06:14:58 GMT" time="0.008" errors="0">
  <testcase name="f" time="0.008" classname="testngFeatures.DemoExecutionSequence"/>
</testsuite> <!-- testngFeatures.DemoExecutionSequence -->
