<?xml version="1.0" encoding="UTF-8"?>
<!-- Generated by org.testng.reporters.JUnitReportReporter -->
<testsuite hostname="P5-GKZ5T72" name="demoWebdriver.DemoNavigation" tests="1" failures="0" timestamp="14 Jun 2019 11:23:11 GMT" time="17.370" errors="0">
  <testcase name="f" time="17.370" classname="demoWebdriver.DemoNavigation"/>
</testsuite> <!-- demoWebdriver.DemoNavigation -->
