<?xml version="1.0" encoding="UTF-8"?>
<!-- Generated by org.testng.reporters.JUnitReportReporter -->
<testsuite hostname="P5-GKZ5T72" name="basics.JuneSelenium.Opennewtours" tests="1" failures="0" timestamp="13 Jun 2019 12:05:16 GMT" time="2.204" errors="0">
  <testcase name="f" time="2.204" classname="basics.JuneSelenium.Opennewtours"/>
</testsuite> <!-- basics.JuneSelenium.Opennewtours -->
