<?xml version="1.0" encoding="UTF-8"?>
<!-- Generated by org.testng.reporters.JUnitReportReporter -->
<testsuite hostname="P5-GKZ5T72" name="demoWebdriver.DemoWindow" tests="1" failures="0" timestamp="17 Jun 2019 09:11:17 GMT" time="12.515" errors="0">
  <testcase name="f" time="12.515" classname="demoWebdriver.DemoWindow"/>
</testsuite> <!-- demoWebdriver.DemoWindow -->
